<?xml version="1.0" encoding="utf-8"?><testsuites name="pytest tests"><testsuite name="pytest" errors="0" failures="0" skipped="0" tests="8" time="9.683" timestamp="2026-08-14T10:35:26.883353+00:00" hostname="agent-env-bbf026b4-3e5b-4ec1-be0b-247d35222e56"><testcase classname="tests.test_navigation_f1" name="test_root_service_name" time="0.166" /><testcase classname="tests.test_navigation_f1" name="test_inventory_populated" time="0.849" /><testcase classname="tests.test_navigation_f1" name="test_lookup_not_found" time="3.302" /><testcase classname="tests.test_navigation_f1" name="test_checklist_send_fake_serial_rejected" time="2.537" /><testcase classname="tests.test_navigation_f1" name="test_checklist_send_duplicate_serials_rejected" time="2.232" /><testcase classname="tests.test_navigation_f1" name="test_admin_history_requires_password" time="0.078" /><testcase classname="tests.test_navigation_f1" name="test_admin_history_with_password" time="0.089" /><testcase classname="tests.test_navigation_f1" name="test_admin_history_pdf_removed" time="0.080" /></testsuite></testsuites>