<?xml version="1.0" encoding="utf-8"?><testsuites name="pytest tests"><testsuite name="pytest" errors="0" failures="0" skipped="1" tests="76" time="52.253" timestamp="2026-08-14T12:28:29.058058+00:00" hostname="agent-env-bbf026b4-3e5b-4ec1-be0b-247d35222e56"><testcase classname="tests.test_f5_tipo_gestione" name="test_inventory_exposes_tipo_gestione" time="0.800" /><testcase classname="tests.test_admin_features" name="test_root" time="0.094" /><testcase classname="tests.test_admin_features" name="test_admin_login_wrong" time="0.033" /><testcase classname="tests.test_admin_features" name="test_admin_login_ok" time="0.036" /><testcase classname="tests.test_admin_features" name="test_admin_history_requires_auth" time="0.030" /><testcase classname="tests.test_admin_features" name="test_admin_history_no_filter" time="0.036" /><testcase classname="tests.test_admin_features" name="test_admin_history_cliente_filter" time="0.062" /><testcase classname="tests.test_admin_features" name="test_admin_history_date_filter" time="0.074" /><testcase classname="tests.test_admin_features" name="test_admin_history_materiale_filter" time="0.072" /><testcase classname="tests.test_admin_features" name="test_admin_history_ddt_param_ignored" time="0.031" /><testcase classname="tests.test_admin_features" name="test_admin_notion_exits" time="3.071" /><testcase classname="tests.test_f5_tipo_gestione" name="test_inventory_has_configured_products" time="0.847" /><testcase classname="tests.test_f5_tipo_gestione" name="test_dashboard_kpi_shape" time="3.263" /><testcase classname="tests.test_admin_features" name="test_admin_notion_exits_requires_auth" time="0.039" /><testcase classname="tests.test_admin_features" name="test_admin_history_pdf_endpoint_removed" time="0.030" /><testcase classname="tests.test_admin_features" name="test_submit_rejects_unknown_serial" time="2.408" /><testcase classname="tests.test_f5_tipo_gestione" name="test_dashboard_kpi_totals_match_inventory" time="3.910" /><testcase classname="tests.test_admin_features" name="test_submit_rejects_duplicate_serial_in_same_shipment" time="1.861" /><testcase classname="tests.test_f6_regression.TestPublicEndpoints" name="test_inventory" time="0.947" /><testcase classname="tests.test_f5_tipo_gestione" name="test_dashboard_kpi_movements_have_type" time="3.623" /><testcase classname="tests.test_f6_regression.TestPublicEndpoints" name="test_inventory_lookup_found" time="1.010" /><testcase classname="tests.test_f6_regression.TestPublicEndpoints" name="test_inventory_lookup_not_found" time="3.457" /><testcase classname="tests.test_f5_tipo_gestione" name="test_admin_update_tipo_gestione_requires_auth" time="0.080" /><testcase classname="tests.test_f5_tipo_gestione" name="test_admin_update_tipo_gestione_invalid_value" time="0.865" /><testcase classname="tests.test_f6_regression.TestPublicEndpoints" name="test_movimenti_no_month" time="5.778" /><testcase classname="tests.test_f5_tipo_gestione" name="test_admin_update_tipo_gestione_roundtrip" time="3.599" /><testcase classname="tests.test_f5_tipo_gestione" name="test_admin_inventory_exposes_tipo_gestione" time="0.824" /><testcase classname="tests.test_f5_tipo_gestione" name="test_no_mongo_override_effect" time="3.913" /><testcase classname="tests.test_f6_regression.TestPublicEndpoints" name="test_movimenti_month_current" time="1.883" /><testcase classname="tests.test_f6_regression.TestPublicEndpoints" name="test_movimenti_month_invalid" time="0.112" /><testcase classname="tests.test_f6_regression.TestPublicEndpoints" name="test_movimenti_sorted_desc" time="0.944" /><testcase classname="tests.test_f5_tipo_gestione" name="test_submit_arrivo_blocks_not_configured" time="0.836"><skipped type="pytest.skip" message="all products configured — cannot test not-configured block">/app/backend/tests/test_f5_tipo_gestione.py:202: all products configured — cannot test not-configured block</skipped></testcase><testcase classname="tests.test_f6_regression.TestPublicEndpoints" name="test_dashboard_kpi" time="4.355" /><testcase classname="tests.test_navigation_f1" name="test_root_service_name" time="0.092" /><testcase classname="tests.test_navigation_f1" name="test_inventory_populated" time="0.815" /><testcase classname="tests.test_navigation_f1" name="test_lookup_not_found" time="3.397" /><testcase classname="tests.test_f6_regression.TestPublicEndpoints" name="test_anomalie" time="0.122" /><testcase classname="tests.test_f6_regression.TestPublicEndpoints" name="test_checklist_history" time="0.074" /><testcase classname="tests.test_arrivi" name="test_arrivi_validation_missing_fornitore" time="0.081" /><testcase classname="tests.test_arrivi" name="test_arrivi_validation_missing_operator" time="0.074" /><testcase classname="tests.test_arrivi" name="test_arrivi_validation_empty_items" time="0.031" /><testcase classname="tests.test_arrivi" name="test_arrivi_rejects_serial_already_shipped" time="1.586" /><testcase classname="tests.test_navigation_f1" name="test_checklist_send_fake_serial_rejected" time="2.112" /><testcase classname="tests.test_arrivi" name="test_arrivi_rejects_duplicate_serial_in_payload" time="4.086" /><testcase classname="tests.test_navigation_f1" name="test_checklist_send_duplicate_serials_rejected" time="2.017" /><testcase classname="tests.test_navigation_f1" name="test_admin_history_requires_password" time="0.077" /><testcase classname="tests.test_navigation_f1" name="test_admin_history_with_password" time="0.074" /><testcase classname="tests.test_navigation_f1" name="test_admin_history_pdf_removed" time="0.151" /><testcase classname="tests.test_movimenti_month" name="test_movimenti_default_no_month" time="3.343" /><testcase classname="tests.test_arrivi" name="test_arrivi_rejects_serialized_wrong_serial_count" time="0.075" /><testcase classname="tests.test_scanner_lookup" name="test_health" time="0.093" /><testcase classname="tests.test_scanner_lookup" name="test_lookup_sku_ch02" time="0.032" /><testcase classname="tests.test_scanner_lookup" name="test_lookup_not_found" time="3.457" /><testcase classname="tests.test_movimenti_month" name="test_movimenti_month_current" time="0.822" /><testcase classname="tests.test_movimenti_month" name="test_movimenti_month_past" time="0.975" /><testcase classname="tests.test_scanner_lookup" name="test_lookup_empty_code" time="0.034" /><testcase classname="tests.test_scanner_lookup" name="test_lookup_case_insensitive" time="0.070" /><testcase classname="tests.test_scanner_lookup" name="test_inventory_has_wallbox_with_code" time="0.857" /><testcase classname="tests.test_movimenti_month" name="test_movimenti_month_invalid_format" time="0.079" /><testcase classname="tests.test_movimenti_month" name="test_movimenti_sorted_desc" time="3.417" /><testcase classname="tests.test_spedizioni_f3" name="test_spedizione_missing_taken_by" time="0.085" /><testcase classname="tests.test_spedizioni_f3" name="test_spedizione_missing_cliente" time="0.044" /><testcase classname="tests.test_spedizioni_f3" name="test_spedizione_strict_serial_not_in_receipts" time="1.912" /><testcase classname="tests.test_spedizioni_f3" name="test_spedizione_duplicate_serial" time="2.533" /><testcase classname="tests.test_f6_regression.TestAdminEndpoints" name="test_admin_inventory_requires_auth" time="0.116" /><testcase classname="tests.test_f6_regression.TestAdminEndpoints" name="test_admin_inventory_ok" time="0.795" /><testcase classname="tests.test_f6_regression.TestAdminEndpoints" name="test_admin_recipients" time="0.092" /><testcase classname="tests.test_f6_regression.TestAdminEndpoints" name="test_admin_notion_exits" time="2.329" /><testcase classname="tests.test_spedizioni_f3" name="test_spedizione_quantity_over_stock" time="0.996" /><testcase classname="tests.test_receipts_lookup" name="test_receipts_sn_simple" time="3.215" /><testcase classname="tests.test_f6_regression.TestSerialStrictValidation" name="test_shipment_unknown_serial_blocked" time="2.099" /><testcase classname="tests.test_f6_regression.TestSerialStrictValidation" name="test_shipment_duplicate_serial_blocked" time="1.927" /><testcase classname="tests.test_receipts_lookup" name="test_receipts_sn_dot_separated" time="2.905" /><testcase classname="tests.test_f6_regression.TestSerialStrictValidation" name="test_shipment_quantity_over_stock" time="2.471" /><testcase classname="tests.test_receipts_lookup" name="test_not_found" time="3.077" /><testcase classname="tests.test_receipts_lookup" name="test_sku_regression" time="0.095" /></testsuite></testsuites>