<?xml version="1.0" encoding="utf-8"?><testsuites name="pytest tests"><testsuite name="pytest" errors="0" failures="1" skipped="0" tests="17" time="13.508" timestamp="2026-08-14T12:28:02.873827+00:00" hostname="agent-env-bbf026b4-3e5b-4ec1-be0b-247d35222e56"><testcase classname="tests.test_f6_regression.TestAdminEndpoints" name="test_admin_inventory_requires_auth" time="0.144" /><testcase classname="tests.test_f6_regression.TestPublicEndpoints" name="test_inventory" time="0.904" /><testcase classname="tests.test_f6_regression.TestAdminEndpoints" name="test_admin_inventory_ok" time="0.814" /><testcase classname="tests.test_f6_regression.TestPublicEndpoints" name="test_inventory_lookup_found" time="1.025"><failure message="AssertionError: assert (None is True or 'ok' == 'found'&#10; +  where None = &lt;built-in method get of dict object at 0xff3704352f00&gt;('found')&#10; +    where &lt;built-in method get of dict object at 0xff3704352f00&gt; = {'status': 'ok', 'matched_by': 'sku', 'item': {'id': '3b8a9b09-6783-806d-9044-e46bd262075b', 'name': 'Cavo Molex', 'code': '000005477', 'quantity': 4, ...}, 'code': '000005477'}.get&#10;  &#10;  - found&#10;  + ok)">backend/tests/test_f6_regression.py:38: in test_inventory_lookup_found
    assert body.get("found") is True or body.get("status") == "found"
E   AssertionError: assert (None is True or 'ok' == 'found'
E    +  where None = &lt;built-in method get of dict object at 0xff3704352f00&gt;('found')
E    +    where &lt;built-in method get of dict object at 0xff3704352f00&gt; = {'status': 'ok', 'matched_by': 'sku', 'item': {'id': '3b8a9b09-6783-806d-9044-e46bd262075b', 'name': 'Cavo Molex', 'code': '000005477', 'quantity': 4, ...}, 'code': '000005477'}.get
E     
E     - found
E     + ok)</failure></testcase><testcase classname="tests.test_f6_regression.TestAdminEndpoints" name="test_admin_recipients" time="0.079" /><testcase classname="tests.test_f6_regression.TestAdminEndpoints" name="test_admin_notion_exits" time="2.282" /><testcase classname="tests.test_f6_regression.TestPublicEndpoints" name="test_inventory_lookup_not_found" time="3.013" /><testcase classname="tests.test_f6_regression.TestSerialStrictValidation" name="test_shipment_unknown_serial_blocked" time="2.244" /><testcase classname="tests.test_f6_regression.TestPublicEndpoints" name="test_movimenti_no_month" time="2.932" /><testcase classname="tests.test_f6_regression.TestSerialStrictValidation" name="test_shipment_duplicate_serial_blocked" time="1.999" /><testcase classname="tests.test_f6_regression.TestSerialStrictValidation" name="test_shipment_quantity_over_stock" time="1.204" /><testcase classname="tests.test_f6_regression.TestPublicEndpoints" name="test_movimenti_month_current" time="1.013" /><testcase classname="tests.test_f6_regression.TestPublicEndpoints" name="test_movimenti_month_invalid" time="0.071" /><testcase classname="tests.test_f6_regression.TestPublicEndpoints" name="test_movimenti_sorted_desc" time="1.101" /><testcase classname="tests.test_f6_regression.TestPublicEndpoints" name="test_dashboard_kpi" time="2.917" /><testcase classname="tests.test_f6_regression.TestPublicEndpoints" name="test_anomalie" time="0.103" /><testcase classname="tests.test_f6_regression.TestPublicEndpoints" name="test_checklist_history" time="0.089" /></testsuite></testsuites>