<?xml version="1.0" encoding="utf-8"?><testsuites name="pytest tests"><testsuite name="pytest" errors="0" failures="0" skipped="0" tests="32" time="19.487" timestamp="2026-08-14T10:40:20.770600+00:00" hostname="agent-env-bbf026b4-3e5b-4ec1-be0b-247d35222e56"><testcase classname="tests.test_navigation_f1" name="test_root_service_name" time="0.187" /><testcase classname="tests.test_admin_features" name="test_root" time="0.138" /><testcase classname="tests.test_admin_features" name="test_admin_login_wrong" time="0.037" /><testcase classname="tests.test_admin_features" name="test_admin_login_ok" time="0.076" /><testcase classname="tests.test_navigation_f1" name="test_inventory_populated" time="0.982" /><testcase classname="tests.test_admin_features" name="test_admin_history_requires_auth" time="0.044" /><testcase classname="tests.test_admin_features" name="test_admin_history_no_filter" time="0.033" /><testcase classname="tests.test_admin_features" name="test_admin_history_cliente_filter" time="0.068" /><testcase classname="tests.test_admin_features" name="test_admin_history_date_filter" time="0.035" /><testcase classname="tests.test_admin_features" name="test_admin_history_materiale_filter" time="0.033" /><testcase classname="tests.test_admin_features" name="test_admin_history_ddt_param_ignored" time="0.057" /><testcase classname="tests.test_admin_features" name="test_admin_notion_exits" time="2.980" /><testcase classname="tests.test_navigation_f1" name="test_lookup_not_found" time="4.177" /><testcase classname="tests.test_admin_features" name="test_admin_notion_exits_requires_auth" time="0.035" /><testcase classname="tests.test_admin_features" name="test_admin_history_pdf_endpoint_removed" time="0.076" /><testcase classname="tests.test_admin_features" name="test_submit_rejects_unknown_serial" time="2.282" /><testcase classname="tests.test_navigation_f1" name="test_checklist_send_fake_serial_rejected" time="2.113" /><testcase classname="tests.test_admin_features" name="test_submit_rejects_duplicate_serial_in_same_shipment" time="1.788" /><testcase classname="tests.test_navigation_f1" name="test_checklist_send_duplicate_serials_rejected" time="1.954" /><testcase classname="tests.test_scanner_lookup" name="test_health" time="0.077" /><testcase classname="tests.test_scanner_lookup" name="test_lookup_sku_ch02" time="0.033" /><testcase classname="tests.test_scanner_lookup" name="test_lookup_not_found" time="3.397" /><testcase classname="tests.test_navigation_f1" name="test_admin_history_requires_password" time="0.086" /><testcase classname="tests.test_navigation_f1" name="test_admin_history_with_password" time="0.074" /><testcase classname="tests.test_navigation_f1" name="test_admin_history_pdf_removed" time="0.092" /><testcase classname="tests.test_receipts_lookup" name="test_receipts_sn_simple" time="3.237" /><testcase classname="tests.test_scanner_lookup" name="test_lookup_empty_code" time="0.075" /><testcase classname="tests.test_scanner_lookup" name="test_lookup_case_insensitive" time="0.041" /><testcase classname="tests.test_scanner_lookup" name="test_inventory_has_wallbox_with_code" time="0.924" /><testcase classname="tests.test_receipts_lookup" name="test_receipts_sn_dot_separated" time="3.187" /><testcase classname="tests.test_receipts_lookup" name="test_not_found" time="2.965" /><testcase classname="tests.test_receipts_lookup" name="test_sku_regression" time="0.107" /></testsuite></testsuites>