<?xml version="1.0" encoding="utf-8"?><testsuites name="pytest tests"><testsuite name="pytest" errors="0" failures="0" skipped="1" tests="54" time="37.942" timestamp="2026-08-14T12:08:48.555583+00:00" hostname="agent-env-bbf026b4-3e5b-4ec1-be0b-247d35222e56"><testcase classname="tests.test_f5_tipo_gestione" name="test_inventory_exposes_tipo_gestione" time="0.807" /><testcase classname="tests.test_admin_features" name="test_root" time="0.181" /><testcase classname="tests.test_admin_features" name="test_admin_login_wrong" time="0.064" /><testcase classname="tests.test_admin_features" name="test_admin_login_ok" time="0.058" /><testcase classname="tests.test_admin_features" name="test_admin_history_requires_auth" time="0.047" /><testcase classname="tests.test_admin_features" name="test_admin_history_no_filter" time="0.044" /><testcase classname="tests.test_admin_features" name="test_admin_history_cliente_filter" time="0.072" /><testcase classname="tests.test_admin_features" name="test_admin_history_date_filter" time="0.040" /><testcase classname="tests.test_admin_features" name="test_admin_history_materiale_filter" time="0.079" /><testcase classname="tests.test_admin_features" name="test_admin_history_ddt_param_ignored" time="0.040" /><testcase classname="tests.test_admin_features" name="test_admin_notion_exits" time="2.165" /><testcase classname="tests.test_f5_tipo_gestione" name="test_inventory_has_configured_products" time="0.682" /><testcase classname="tests.test_f5_tipo_gestione" name="test_dashboard_kpi_shape" time="2.912" /><testcase classname="tests.test_admin_features" name="test_admin_notion_exits_requires_auth" time="0.036" /><testcase classname="tests.test_admin_features" name="test_admin_history_pdf_endpoint_removed" time="0.034" /><testcase classname="tests.test_admin_features" name="test_submit_rejects_unknown_serial" time="2.297" /><testcase classname="tests.test_f5_tipo_gestione" name="test_dashboard_kpi_totals_match_inventory" time="4.405" /><testcase classname="tests.test_admin_features" name="test_submit_rejects_duplicate_serial_in_same_shipment" time="2.120" /><testcase classname="tests.test_navigation_f1" name="test_root_service_name" time="0.227" /><testcase classname="tests.test_navigation_f1" name="test_inventory_populated" time="0.817" /><testcase classname="tests.test_navigation_f1" name="test_lookup_not_found" time="4.014" /><testcase classname="tests.test_f5_tipo_gestione" name="test_dashboard_kpi_movements_have_type" time="2.908" /><testcase classname="tests.test_f5_tipo_gestione" name="test_admin_update_tipo_gestione_requires_auth" time="0.042" /><testcase classname="tests.test_f5_tipo_gestione" name="test_admin_update_tipo_gestione_invalid_value" time="0.970" /><testcase classname="tests.test_navigation_f1" name="test_checklist_send_fake_serial_rejected" time="2.437" /><testcase classname="tests.test_f5_tipo_gestione" name="test_admin_update_tipo_gestione_roundtrip" time="3.502" /><testcase classname="tests.test_navigation_f1" name="test_checklist_send_duplicate_serials_rejected" time="2.191" /><testcase classname="tests.test_f5_tipo_gestione" name="test_admin_inventory_exposes_tipo_gestione" time="0.783" /><testcase classname="tests.test_navigation_f1" name="test_admin_history_requires_password" time="0.072" /><testcase classname="tests.test_f5_tipo_gestione" name="test_no_mongo_override_effect" time="3.908" /><testcase classname="tests.test_navigation_f1" name="test_admin_history_with_password" time="0.098" /><testcase classname="tests.test_navigation_f1" name="test_admin_history_pdf_removed" time="0.069" /><testcase classname="tests.test_scanner_lookup" name="test_health" time="0.095" /><testcase classname="tests.test_scanner_lookup" name="test_lookup_sku_ch02" time="0.044" /><testcase classname="tests.test_scanner_lookup" name="test_lookup_not_found" time="2.797" /><testcase classname="tests.test_scanner_lookup" name="test_lookup_empty_code" time="0.040" /><testcase classname="tests.test_scanner_lookup" name="test_lookup_case_insensitive" time="0.049" /><testcase classname="tests.test_scanner_lookup" name="test_inventory_has_wallbox_with_code" time="0.736" /><testcase classname="tests.test_f5_tipo_gestione" name="test_submit_arrivo_blocks_not_configured" time="0.697"><skipped type="pytest.skip" message="all products configured — cannot test not-configured block">/app/backend/tests/test_f5_tipo_gestione.py:202: all products configured — cannot test not-configured block</skipped></testcase><testcase classname="tests.test_spedizioni_f3" name="test_spedizione_missing_taken_by" time="0.097" /><testcase classname="tests.test_spedizioni_f3" name="test_spedizione_missing_cliente" time="0.070" /><testcase classname="tests.test_spedizioni_f3" name="test_spedizione_strict_serial_not_in_receipts" time="2.008" /><testcase classname="tests.test_arrivi" name="test_arrivi_validation_missing_fornitore" time="0.077" /><testcase classname="tests.test_arrivi" name="test_arrivi_validation_missing_operator" time="0.033" /><testcase classname="tests.test_arrivi" name="test_arrivi_validation_empty_items" time="0.035" /><testcase classname="tests.test_arrivi" name="test_arrivi_rejects_serial_already_shipped" time="1.671" /><testcase classname="tests.test_spedizioni_f3" name="test_spedizione_duplicate_serial" time="3.414" /><testcase classname="tests.test_arrivi" name="test_arrivi_rejects_duplicate_serial_in_payload" time="4.375" /><testcase classname="tests.test_spedizioni_f3" name="test_spedizione_quantity_over_stock" time="0.987" /><testcase classname="tests.test_receipts_lookup" name="test_receipts_sn_simple" time="4.053" /><testcase classname="tests.test_arrivi" name="test_arrivi_rejects_serialized_wrong_serial_count" time="0.036" /><testcase classname="tests.test_receipts_lookup" name="test_receipts_sn_dot_separated" time="2.860" /><testcase classname="tests.test_receipts_lookup" name="test_not_found" time="3.054" /><testcase classname="tests.test_receipts_lookup" name="test_sku_regression" time="0.087" /></testsuite></testsuites>