<?xml version="1.0" encoding="utf-8"?><testsuites name="pytest tests"><testsuite name="pytest" errors="0" failures="0" skipped="1" tests="11" time="27.791" timestamp="2026-08-14T12:08:13.597565+00:00" hostname="agent-env-bbf026b4-3e5b-4ec1-be0b-247d35222e56"><testcase classname="tests.test_f5_tipo_gestione" name="test_inventory_exposes_tipo_gestione" time="2.466" /><testcase classname="tests.test_f5_tipo_gestione" name="test_inventory_has_configured_products" time="0.981" /><testcase classname="tests.test_f5_tipo_gestione" name="test_dashboard_kpi_shape" time="3.374" /><testcase classname="tests.test_f5_tipo_gestione" name="test_dashboard_kpi_totals_match_inventory" time="4.142" /><testcase classname="tests.test_f5_tipo_gestione" name="test_dashboard_kpi_movements_have_type" time="3.362" /><testcase classname="tests.test_f5_tipo_gestione" name="test_admin_update_tipo_gestione_requires_auth" time="0.080" /><testcase classname="tests.test_f5_tipo_gestione" name="test_admin_update_tipo_gestione_invalid_value" time="0.928" /><testcase classname="tests.test_f5_tipo_gestione" name="test_admin_update_tipo_gestione_roundtrip" time="4.247" /><testcase classname="tests.test_f5_tipo_gestione" name="test_admin_inventory_exposes_tipo_gestione" time="0.754" /><testcase classname="tests.test_f5_tipo_gestione" name="test_no_mongo_override_effect" time="6.503" /><testcase classname="tests.test_f5_tipo_gestione" name="test_submit_arrivo_blocks_not_configured" time="0.633"><skipped type="pytest.skip" message="all products configured — cannot test not-configured block">/app/backend/tests/test_f5_tipo_gestione.py:202: all products configured — cannot test not-configured block</skipped></testcase></testsuite></testsuites>