<?xml version="1.0" encoding="utf-8"?><testsuites name="pytest tests"><testsuite name="pytest" errors="0" failures="0" skipped="0" tests="38" time="27.175" timestamp="2026-08-14T10:56:49.404707+00:00" hostname="agent-env-bbf026b4-3e5b-4ec1-be0b-247d35222e56"><testcase classname="tests.test_navigation_f1" name="test_root_service_name" time="0.167" /><testcase classname="tests.test_admin_features" name="test_root" time="0.114" /><testcase classname="tests.test_admin_features" name="test_admin_login_wrong" time="0.032" /><testcase classname="tests.test_admin_features" name="test_admin_login_ok" time="0.069" /><testcase classname="tests.test_navigation_f1" name="test_inventory_populated" time="0.875" /><testcase classname="tests.test_admin_features" name="test_admin_history_requires_auth" time="0.087" /><testcase classname="tests.test_admin_features" name="test_admin_history_no_filter" time="0.031" /><testcase classname="tests.test_admin_features" name="test_admin_history_cliente_filter" time="0.058" /><testcase classname="tests.test_admin_features" name="test_admin_history_date_filter" time="0.076" /><testcase classname="tests.test_admin_features" name="test_admin_history_materiale_filter" time="0.030" /><testcase classname="tests.test_admin_features" name="test_admin_history_ddt_param_ignored" time="0.030" /><testcase classname="tests.test_admin_features" name="test_admin_notion_exits" time="2.777" /><testcase classname="tests.test_navigation_f1" name="test_lookup_not_found" time="3.051" /><testcase classname="tests.test_admin_features" name="test_admin_notion_exits_requires_auth" time="0.035" /><testcase classname="tests.test_admin_features" name="test_admin_history_pdf_endpoint_removed" time="0.074" /><testcase classname="tests.test_admin_features" name="test_submit_rejects_unknown_serial" time="2.628" /><testcase classname="tests.test_navigation_f1" name="test_checklist_send_fake_serial_rejected" time="1.761" /><testcase classname="tests.test_navigation_f1" name="test_checklist_send_duplicate_serials_rejected" time="1.825" /><testcase classname="tests.test_admin_features" name="test_submit_rejects_duplicate_serial_in_same_shipment" time="1.954" /><testcase classname="tests.test_navigation_f1" name="test_admin_history_requires_password" time="0.102" /><testcase classname="tests.test_navigation_f1" name="test_admin_history_with_password" time="0.077" /><testcase classname="tests.test_navigation_f1" name="test_admin_history_pdf_removed" time="0.076" /><testcase classname="tests.test_scanner_lookup" name="test_health" time="0.077" /><testcase classname="tests.test_arrivi" name="test_arrivi_validation_missing_fornitore" time="0.076" /><testcase classname="tests.test_scanner_lookup" name="test_lookup_sku_ch02" time="0.077" /><testcase classname="tests.test_arrivi" name="test_arrivi_validation_missing_operator" time="0.068" /><testcase classname="tests.test_scanner_lookup" name="test_lookup_not_found" time="3.133" /><testcase classname="tests.test_arrivi" name="test_arrivi_validation_empty_items" time="0.029" /><testcase classname="tests.test_arrivi" name="test_arrivi_rejects_serial_already_shipped" time="1.338" /><testcase classname="tests.test_arrivi" name="test_arrivi_rejects_duplicate_serial_in_payload" time="7.020" /><testcase classname="tests.test_scanner_lookup" name="test_lookup_empty_code" time="0.078" /><testcase classname="tests.test_scanner_lookup" name="test_lookup_case_insensitive" time="0.037" /><testcase classname="tests.test_scanner_lookup" name="test_inventory_has_wallbox_with_code" time="0.737" /><testcase classname="tests.test_arrivi" name="test_arrivi_rejects_serialized_wrong_serial_count" time="0.033" /><testcase classname="tests.test_receipts_lookup" name="test_receipts_sn_simple" time="4.118" /><testcase classname="tests.test_receipts_lookup" name="test_receipts_sn_dot_separated" time="2.886" /><testcase classname="tests.test_receipts_lookup" name="test_not_found" time="3.135" /><testcase classname="tests.test_receipts_lookup" name="test_sku_regression" time="0.143" /></testsuite></testsuites>