<?xml version="1.0" encoding="utf-8"?><testsuites name="pytest tests"><testsuite name="pytest" errors="0" failures="0" skipped="0" tests="43" time="29.410" timestamp="2026-08-14T11:17:12.600970+00:00" hostname="agent-env-bbf026b4-3e5b-4ec1-be0b-247d35222e56"><testcase classname="tests.test_navigation_f1" name="test_root_service_name" time="0.235" /><testcase classname="tests.test_admin_features" name="test_root" time="0.286" /><testcase classname="tests.test_navigation_f1" name="test_inventory_populated" time="0.903" /><testcase classname="tests.test_admin_features" name="test_admin_login_wrong" time="0.057" /><testcase classname="tests.test_admin_features" name="test_admin_login_ok" time="0.041" /><testcase classname="tests.test_admin_features" name="test_admin_history_requires_auth" time="0.080" /><testcase classname="tests.test_admin_features" name="test_admin_history_no_filter" time="0.049" /><testcase classname="tests.test_admin_features" name="test_admin_history_cliente_filter" time="0.081" /><testcase classname="tests.test_admin_features" name="test_admin_history_date_filter" time="0.046" /><testcase classname="tests.test_admin_features" name="test_admin_history_materiale_filter" time="0.040" /><testcase classname="tests.test_admin_features" name="test_admin_history_ddt_param_ignored" time="0.046" /><testcase classname="tests.test_admin_features" name="test_admin_notion_exits" time="3.150" /><testcase classname="tests.test_navigation_f1" name="test_lookup_not_found" time="3.028" /><testcase classname="tests.test_admin_features" name="test_admin_notion_exits_requires_auth" time="0.070" /><testcase classname="tests.test_admin_features" name="test_admin_history_pdf_endpoint_removed" time="0.066" /><testcase classname="tests.test_admin_features" name="test_submit_rejects_unknown_serial" time="6.970" /><testcase classname="tests.test_navigation_f1" name="test_checklist_send_fake_serial_rejected" time="1.924" /><testcase classname="tests.test_navigation_f1" name="test_checklist_send_duplicate_serials_rejected" time="2.045" /><testcase classname="tests.test_navigation_f1" name="test_admin_history_requires_password" time="0.079" /><testcase classname="tests.test_navigation_f1" name="test_admin_history_with_password" time="0.075" /><testcase classname="tests.test_navigation_f1" name="test_admin_history_pdf_removed" time="0.075" /><testcase classname="tests.test_scanner_lookup" name="test_health" time="0.068" /><testcase classname="tests.test_scanner_lookup" name="test_lookup_sku_ch02" time="0.075" /><testcase classname="tests.test_scanner_lookup" name="test_lookup_not_found" time="3.134" /><testcase classname="tests.test_admin_features" name="test_submit_rejects_duplicate_serial_in_same_shipment" time="2.020" /><testcase classname="tests.test_scanner_lookup" name="test_lookup_empty_code" time="0.035" /><testcase classname="tests.test_scanner_lookup" name="test_lookup_case_insensitive" time="0.034" /><testcase classname="tests.test_scanner_lookup" name="test_inventory_has_wallbox_with_code" time="0.775" /><testcase classname="tests.test_spedizioni_f3" name="test_spedizione_missing_taken_by" time="0.112" /><testcase classname="tests.test_spedizioni_f3" name="test_spedizione_missing_cliente" time="0.040" /><testcase classname="tests.test_spedizioni_f3" name="test_spedizione_strict_serial_not_in_receipts" time="1.956" /><testcase classname="tests.test_arrivi" name="test_arrivi_validation_missing_fornitore" time="0.212" /><testcase classname="tests.test_arrivi" name="test_arrivi_validation_missing_operator" time="0.058" /><testcase classname="tests.test_arrivi" name="test_arrivi_validation_empty_items" time="0.050" /><testcase classname="tests.test_arrivi" name="test_arrivi_rejects_serial_already_shipped" time="1.244" /><testcase classname="tests.test_arrivi" name="test_arrivi_rejects_duplicate_serial_in_payload" time="4.082" /><testcase classname="tests.test_spedizioni_f3" name="test_spedizione_duplicate_serial" time="1.974" /><testcase classname="tests.test_spedizioni_f3" name="test_spedizione_quantity_over_stock" time="1.199" /><testcase classname="tests.test_arrivi" name="test_arrivi_rejects_serialized_wrong_serial_count" time="0.040" /><testcase classname="tests.test_receipts_lookup" name="test_receipts_sn_simple" time="3.280" /><testcase classname="tests.test_receipts_lookup" name="test_receipts_sn_dot_separated" time="3.370" /><testcase classname="tests.test_receipts_lookup" name="test_not_found" time="3.661" /><testcase classname="tests.test_receipts_lookup" name="test_sku_regression" time="0.074" /></testsuite></testsuites>