<?xml version="1.0" encoding="utf-8"?><testsuites name="pytest tests"><testsuite name="pytest" errors="0" failures="0" skipped="0" tests="4" time="7.675" timestamp="2026-08-13T12:52:00.294277+00:00" hostname="agent-env-bbf026b4-3e5b-4ec1-be0b-247d35222e56"><testcase classname="tests.test_receipts_lookup" name="test_receipts_sn_simple" time="2.015" /><testcase classname="tests.test_receipts_lookup" name="test_receipts_sn_dot_separated" time="2.100" /><testcase classname="tests.test_receipts_lookup" name="test_not_found" time="2.390" /><testcase classname="tests.test_receipts_lookup" name="test_sku_regression" time="0.863" /></testsuite></testsuites>