<?xml version="1.0" encoding="utf-8"?><testsuites name="pytest tests"><testsuite name="pytest" errors="0" failures="0" skipped="0" tests="6" time="4.542" timestamp="2026-08-13T12:27:03.283109+00:00" hostname="agent-env-bbf026b4-3e5b-4ec1-be0b-247d35222e56"><testcase classname="tests.test_scanner_lookup" name="test_health" time="0.273" /><testcase classname="tests.test_scanner_lookup" name="test_lookup_sku_ch02" time="0.927" /><testcase classname="tests.test_scanner_lookup" name="test_lookup_not_found" time="1.300" /><testcase classname="tests.test_scanner_lookup" name="test_lookup_empty_code" time="0.039" /><testcase classname="tests.test_scanner_lookup" name="test_lookup_case_insensitive" time="0.882" /><testcase classname="tests.test_scanner_lookup" name="test_inventory_has_wallbox_with_code" time="0.779" /></testsuite></testsuites>